Performing C SOURCE FILE Test CMAKE_HAVE_LIBC_PTHREAD failed with the following output:
Change Dir: /home/lucas/catkin_ws/src/custom_msgs/cmake-build-debug/CMakeFiles/CMakeTmp

Run Build Command(s):/home/lucas/clion-2022.3.3/bin/ninja/linux/x64/ninja cmTC_ccc81 && [1/2] Building C object CMakeFiles/cmTC_ccc81.dir/src.c.o
[2/2] Linking C executable cmTC_ccc81
FAILED: cmTC_ccc81 
: && /usr/bin/cc  -rdynamic CMakeFiles/cmTC_ccc81.dir/src.c.o -o cmTC_ccc81   && :
/usr/bin/ld: CMakeFiles/cmTC_ccc81.dir/src.c.o: in function `main':
src.c:(.text+0x46): undefined reference to `pthread_create'
/usr/bin/ld: src.c:(.text+0x52): undefined reference to `pthread_detach'
/usr/bin/ld: src.c:(.text+0x5e): undefined reference to `pthread_cancel'
/usr/bin/ld: src.c:(.text+0x6f): undefined reference to `pthread_join'
collect2: error: ld returned 1 exit status
ninja: build stopped: subcommand failed.


Source file was:
#include <pthread.h>

static void* test_func(void* data)
{
  return data;
}

int main(void)
{
  pthread_t thread;
  pthread_create(&thread, NULL, test_func, NULL);
  pthread_detach(thread);
  pthread_cancel(thread);
  pthread_join(thread, NULL);
  pthread_atfork(NULL, NULL, NULL);
  pthread_exit(NULL);

  return 0;
}

Determining if the function pthread_create exists in the pthreads failed with the following output:
Change Dir: /home/lucas/catkin_ws/src/custom_msgs/cmake-build-debug/CMakeFiles/CMakeTmp

Run Build Command(s):/home/lucas/clion-2022.3.3/bin/ninja/linux/x64/ninja cmTC_b2fd5 && [1/2] Building C object CMakeFiles/cmTC_b2fd5.dir/CheckFunctionExists.c.o
[2/2] Linking C executable cmTC_b2fd5
FAILED: cmTC_b2fd5 
: && /usr/bin/cc -DCHECK_FUNCTION_EXISTS=pthread_create -rdynamic CMakeFiles/cmTC_b2fd5.dir/CheckFunctionExists.c.o -o cmTC_b2fd5  -lpthreads && :
/usr/bin/ld: cannot find -lpthreads
collect2: error: ld returned 1 exit status
ninja: build stopped: subcommand failed.



